<?xml version="1.0" encoding="UTF-8"?>
<testsuite name="DefaultSuiteTesAmazon" tests="1" skipped="0" failures="0" errors="0" timestamp="2019-09-06T20:56:40" hostname="DESKTOP-A1HJ6KC" time="15.109">
  <properties/>
  <testcase name="login" classname="DefaultSuiteTesAmazon" time="15.109"/>
  <system-out><![CDATA[]]></system-out>
  <system-err><![CDATA[SLF4J: Failed to load class "org.slf4j.impl.StaticLoggerBinder".
SLF4J: Defaulting to no-operation (NOP) logger implementation
SLF4J: See http://www.slf4j.org/codes.html#StaticLoggerBinder for further details.
Starting ChromeDriver 76.0.3809.126 (d80a294506b4c9d18015e755cee48f953ddc3f2f-refs/branch-heads/3809@{#1024}) on port 37598
Only local connections are allowed.
Please protect ports used by ChromeDriver and related test frameworks to prevent access by malicious code.
Sep 06, 2019 4:56:44 PM org.openqa.selenium.remote.ProtocolHandshake createSession
INFO: Detected dialect: W3C
]]></system-err>
</testsuite>
